# JRE version: Java(TM) SE Runtime Environment (17.0.8+9) (build 17.0.8+9-LTS-211)
# Java VM: Java HotSpot(TM) 64-Bit Server VM (17.0.8+9-LTS-211, mixed mode, sharing, tiered, compressed oops, compressed class ptrs, g1 gc, windows-amd64)
GC Precious Log:
 CPUs: 8 total, 8 available
 Memory: 8050M
 Large Page Support: Disabled
 NUMA Support: Disabled
 Compressed Oops: Enabled (32-bit)
 Heap Region Size: 1M
 Heap Min Capacity: 8M
 Heap Initial Capacity: 126M
 Heap Max Capacity: 2014M
 Pre-touch: Disabled
 Parallel Workers: 8
 Concurrent Workers: 2
 Concurrent Refinement Workers: 8
 Periodic GC: Disabled
Heap:
 garbage-first heap   total 366592K, used 523K [0x0000000082200000, 0x0000000100000000)
  region size 1024K, 1 young (1024K), 1 survivors (1024K)
 Metaspace       used 152K, committed 384K, reserved 1114112K
  class space    used 6K, committed 128K, reserved 1048576K
GC Heap History (20 events):
Event: 208363.452 GC heap after
{Heap after GC invocations=292343 (full 0):
 garbage-first heap   total 129024K, used 527K [0x0000000082200000, 0x0000000100000000)
  region size 1024K, 1 young (1024K), 1 survivors (1024K)
 Metaspace       used 152K, committed 384K, reserved 1114112K
  class space    used 6K, committed 128K, reserved 1048576K
}
Event: 208363.809 GC heap before
{Heap before GC invocations=292343 (full 0):
 garbage-first heap   total 129024K, used 76303K [0x0000000082200000, 0x0000000100000000)
  region size 1024K, 75 young (76800K), 1 survivors (1024K)
 Metaspace       used 152K, committed 384K, reserved 1114112K
  class space    used 6K, committed 128K, reserved 1048576K
}
Event: 208363.883 GC heap after
{Heap after GC invocations=292344 (full 0):
 garbage-first heap   total 129024K, used 523K [0x0000000082200000, 0x0000000100000000)
  region size 1024K, 1 young (1024K), 1 survivors (1024K)
 Metaspace       used 152K, committed 384K, reserved 1114112K
  class space    used 6K, committed 128K, reserved 1048576K
}
Event: 208364.501 GC heap before
{Heap before GC invocations=292344 (full 0):
 garbage-first heap   total 129024K, used 76299K [0x0000000082200000, 0x0000000100000000)
  region size 1024K, 75 young (76800K), 1 survivors (1024K)
 Metaspace       used 152K, committed 384K, reserved 1114112K
  class space    used 6K, committed 128K, reserved 1048576K
}
Event: 208364.501 GC heap after
{Heap after GC invocations=292345 (full 0):
 garbage-first heap   total 129024K, used 527K [0x0000000082200000, 0x0000000100000000)
  region size 1024K, 1 young (1024K), 1 survivors (1024K)
 Metaspace       used 152K, committed 384K, reserved 1114112K
  class space    used 6K, committed 128K, reserved 1048576K
}
Event: 208364.642 GC heap before
{Heap before GC invocations=292345 (full 0):
 garbage-first heap   total 129024K, used 76303K [0x0000000082200000, 0x0000000100000000)
  region size 1024K, 75 young (76800K), 1 survivors (1024K)
 Metaspace       used 152K, committed 384K, reserved 1114112K
  class space    used 6K, committed 128K, reserved 1048576K
}
Event: 208364.643 GC heap after
{Heap after GC invocations=292346 (full 0):
 garbage-first heap   total 129024K, used 523K [0x0000000082200000, 0x0000000100000000)
  region size 1024K, 1 young (1024K), 1 survivors (1024K)
 Metaspace       used 152K, committed 384K, reserved 1114112K
  class space    used 6K, committed 128K, reserved 1048576K
}
Event: 208367.343 GC heap before
{Heap before GC invocations=292346 (full 0):
 garbage-first heap   total 129024K, used 76299K [0x0000000082200000, 0x0000000100000000)
  region size 1024K, 75 young (76800K), 1 survivors (1024K)
 Metaspace       used 152K, committed 384K, reserved 1114112K
  class space    used 6K, committed 128K, reserved 1048576K
}
Event: 208371.404 GC heap after
{Heap after GC invocations=292347 (full 0):
 garbage-first heap   total 129024K, used 523K [0x0000000082200000, 0x0000000100000000)
  region size 1024K, 1 young (1024K), 1 survivors (1024K)
 Metaspace       used 152K, committed 384K, reserved 1114112K
  class space    used 6K, committed 128K, reserved 1048576K
}
Event: 208372.057 GC heap before
{Heap before GC invocations=292347 (full 0):
 garbage-first heap   total 129024K, used 5643K [0x0000000082200000, 0x0000000100000000)
  region size 1024K, 6 young (6144K), 1 survivors (1024K)
 Metaspace       used 152K, committed 384K, reserved 1114112K
  class space    used 6K, committed 128K, reserved 1048576K
}
Event: 208374.515 GC heap after
{Heap after GC invocations=292348 (full 0):
 garbage-first heap   total 129024K, used 523K [0x0000000082200000, 0x0000000100000000)
  region size 1024K, 1 young (1024K), 1 survivors (1024K)
 Metaspace       used 152K, committed 384K, reserved 1114112K
  class space    used 6K, committed 128K, reserved 1048576K
}
Event: 208374.729 GC heap before
{Heap before GC invocations=292348 (full 0):
 garbage-first heap   total 129024K, used 5643K [0x0000000082200000, 0x0000000100000000)
  region size 1024K, 6 young (6144K), 1 survivors (1024K)
 Metaspace       used 152K, committed 384K, reserved 1114112K
  class space    used 6K, committed 128K, reserved 1048576K
}
Event: 208383.022 GC heap after
{Heap after GC invocations=292349 (full 0):
 garbage-first heap   total 366592K, used 527K [0x0000000082200000, 0x0000000100000000)
  region size 1024K, 1 young (1024K), 1 survivors (1024K)
 Metaspace       used 152K, committed 384K, reserved 1114112K
  class space    used 6K, committed 128K, reserved 1048576K
}
Event: 208396.564 GC heap before
{Heap before GC invocations=292349 (full 0):
 garbage-first heap   total 366592K, used 16911K [0x0000000082200000, 0x0000000100000000)
  region size 1024K, 17 young (17408K), 1 survivors (1024K)
 Metaspace       used 152K, committed 384K, reserved 1114112K
  class space    used 6K, committed 128K, reserved 1048576K
}
Event: 208400.895 GC heap after
{Heap after GC invocations=292350 (full 0):
 garbage-first heap   total 366592K, used 523K [0x0000000082200000, 0x0000000100000000)
  region size 1024K, 1 young (1024K), 1 survivors (1024K)
 Metaspace       used 152K, committed 384K, reserved 1114112K
  class space    used 6K, committed 128K, reserved 1048576K
}
Event: 208400.935 GC heap before
{Heap before GC invocations=292350 (full 0):
 garbage-first heap   total 366592K, used 16907K [0x0000000082200000, 0x0000000100000000)
  region size 1024K, 17 young (17408K), 1 survivors (1024K)
 Metaspace       used 152K, committed 384K, reserved 1114112K
  class space    used 6K, committed 128K, reserved 1048576K
}
Event: 208400.984 GC heap after
{Heap after GC invocations=292351 (full 0):
 garbage-first heap   total 366592K, used 523K [0x0000000082200000, 0x0000000100000000)
  region size 1024K, 1 young (1024K), 1 survivors (1024K)
 Metaspace       used 152K, committed 384K, reserved 1114112K
  class space    used 6K, committed 128K, reserved 1048576K
}
Event: 208403.131 GC heap before
{Heap before GC invocations=292351 (full 0):
 garbage-first heap   total 366592K, used 16907K [0x0000000082200000, 0x0000000100000000)
  region size 1024K, 17 young (17408K), 1 survivors (1024K)
 Metaspace       used 152K, committed 384K, reserved 1114112K
  class space    used 6K, committed 128K, reserved 1048576K
}
Event: 208403.737 GC heap after
{Heap after GC invocations=292352 (full 0):
 garbage-first heap   total 366592K, used 523K [0x0000000082200000, 0x0000000100000000)
  region size 1024K, 1 young (1024K), 1 survivors (1024K)
 Metaspace       used 152K, committed 384K, reserved 1114112K
  class space    used 6K, committed 128K, reserved 1048576K
}
Event: 208404.500 GC heap before
{Heap before GC invocations=292352 (full 0):
 garbage-first heap   total 366592K, used 16907K [0x0000000082200000, 0x0000000100000000)
  region size 1024K, 17 young (17408K), 1 survivors (1024K)
 Metaspace       used 152K, committed 384K, reserved 1114112K
  class space    used 6K, committed 128K, reserved 1048576K
}

