# JRE version: Java(TM) SE Runtime Environment (17.0.8+9) (build 17.0.8+9-LTS-211)
# Java VM: Java HotSpot(TM) 64-Bit Server VM (17.0.8+9-LTS-211, mixed mode, sharing, tiered, compressed oops, compressed class ptrs, g1 gc, windows-amd64)
GC Precious Log:
 CPUs: 8 total, 8 available
 Memory: 8050M
 Large Page Support: Disabled
 NUMA Support: Disabled
 Compressed Oops: Enabled (32-bit)
 Heap Region Size: 1M
 Heap Min Capacity: 8M
 Heap Initial Capacity: 126M
 Heap Max Capacity: 2014M
 Pre-touch: Disabled
 Parallel Workers: 8
 Concurrent Workers: 2
 Concurrent Refinement Workers: 8
 Periodic GC: Disabled
Heap:
 garbage-first heap   total 602112K, used 531K [0x0000000082200000, 0x0000000100000000)
  region size 1024K, 1 young (1024K), 1 survivors (1024K)
 Metaspace       used 144K, committed 384K, reserved 1114112K
  class space    used 6K, committed 128K, reserved 1048576K
GC Heap History (20 events):
Event: 208115.961 GC heap after
{Heap after GC invocations=246692 (full 0):
 garbage-first heap   total 200704K, used 527K [0x0000000082200000, 0x0000000100000000)
  region size 1024K, 1 young (1024K), 1 survivors (1024K)
 Metaspace       used 144K, committed 384K, reserved 1114112K
  class space    used 6K, committed 128K, reserved 1048576K
}
Event: 208116.522 GC heap before
{Heap before GC invocations=246692 (full 0):
 garbage-first heap   total 200704K, used 119311K [0x0000000082200000, 0x0000000100000000)
  region size 1024K, 117 young (119808K), 1 survivors (1024K)
 Metaspace       used 144K, committed 384K, reserved 1114112K
  class space    used 6K, committed 128K, reserved 1048576K
}
Event: 208116.523 GC heap after
{Heap after GC invocations=246693 (full 0):
 garbage-first heap   total 200704K, used 525K [0x0000000082200000, 0x0000000100000000)
  region size 1024K, 1 young (1024K), 1 survivors (1024K)
 Metaspace       used 144K, committed 384K, reserved 1114112K
  class space    used 6K, committed 128K, reserved 1048576K
}
Event: 208116.971 GC heap before
{Heap before GC invocations=246693 (full 0):
 garbage-first heap   total 200704K, used 119309K [0x0000000082200000, 0x0000000100000000)
  region size 1024K, 117 young (119808K), 1 survivors (1024K)
 Metaspace       used 144K, committed 384K, reserved 1114112K
  class space    used 6K, committed 128K, reserved 1048576K
}
Event: 208117.319 GC heap after
{Heap after GC invocations=246694 (full 0):
 garbage-first heap   total 200704K, used 527K [0x0000000082200000, 0x0000000100000000)
  region size 1024K, 1 young (1024K), 1 survivors (1024K)
 Metaspace       used 144K, committed 384K, reserved 1114112K
  class space    used 6K, committed 128K, reserved 1048576K
}
Event: 208120.276 GC heap before
{Heap before GC invocations=246694 (full 0):
 garbage-first heap   total 200704K, used 119311K [0x0000000082200000, 0x0000000100000000)
  region size 1024K, 117 young (119808K), 1 survivors (1024K)
 Metaspace       used 144K, committed 384K, reserved 1114112K
  class space    used 6K, committed 128K, reserved 1048576K
}
Event: 208124.337 GC heap after
{Heap after GC invocations=246695 (full 0):
 garbage-first heap   total 200704K, used 525K [0x0000000082200000, 0x0000000100000000)
  region size 1024K, 1 young (1024K), 1 survivors (1024K)
 Metaspace       used 144K, committed 384K, reserved 1114112K
  class space    used 6K, committed 128K, reserved 1048576K
}
Event: 208124.990 GC heap before
{Heap before GC invocations=246695 (full 0):
 garbage-first heap   total 200704K, used 8717K [0x0000000082200000, 0x0000000100000000)
  region size 1024K, 9 young (9216K), 1 survivors (1024K)
 Metaspace       used 144K, committed 384K, reserved 1114112K
  class space    used 6K, committed 128K, reserved 1048576K
}
Event: 208127.448 GC heap after
{Heap after GC invocations=246696 (full 0):
 garbage-first heap   total 200704K, used 521K [0x0000000082200000, 0x0000000100000000)
  region size 1024K, 0 young (0K), 0 survivors (0K)
 Metaspace       used 144K, committed 384K, reserved 1114112K
  class space    used 6K, committed 128K, reserved 1048576K
}
Event: 208127.672 GC heap before
{Heap before GC invocations=246696 (full 0):
 garbage-first heap   total 200704K, used 9737K [0x0000000082200000, 0x0000000100000000)
  region size 1024K, 9 young (9216K), 0 survivors (0K)
 Metaspace       used 144K, committed 384K, reserved 1114112K
  class space    used 6K, committed 128K, reserved 1048576K
}
Event: 208136.045 GC heap after
{Heap after GC invocations=246697 (full 0):
 garbage-first heap   total 602112K, used 527K [0x0000000082200000, 0x0000000100000000)
  region size 1024K, 1 young (1024K), 1 survivors (1024K)
 Metaspace       used 144K, committed 384K, reserved 1114112K
  class space    used 6K, committed 128K, reserved 1048576K
}
Event: 208158.124 GC heap before
{Heap before GC invocations=246697 (full 0):
 garbage-first heap   total 602112K, used 29199K [0x0000000082200000, 0x0000000100000000)
  region size 1024K, 29 young (29696K), 1 survivors (1024K)
 Metaspace       used 144K, committed 384K, reserved 1114112K
  class space    used 6K, committed 128K, reserved 1048576K
}
Event: 208160.889 GC heap after
{Heap after GC invocations=246698 (full 0):
 garbage-first heap   total 602112K, used 523K [0x0000000082200000, 0x0000000100000000)
  region size 1024K, 1 young (1024K), 1 survivors (1024K)
 Metaspace       used 144K, committed 384K, reserved 1114112K
  class space    used 6K, committed 128K, reserved 1048576K
}
Event: 208161.704 GC heap before
{Heap before GC invocations=246698 (full 0):
 garbage-first heap   total 602112K, used 29195K [0x0000000082200000, 0x0000000100000000)
  region size 1024K, 29 young (29696K), 1 survivors (1024K)
 Metaspace       used 144K, committed 384K, reserved 1114112K
  class space    used 6K, committed 128K, reserved 1048576K
}
Event: 208163.153 GC heap after
{Heap after GC invocations=246699 (full 0):
 garbage-first heap   total 602112K, used 529K [0x0000000082200000, 0x0000000100000000)
  region size 1024K, 1 young (1024K), 1 survivors (1024K)
 Metaspace       used 144K, committed 384K, reserved 1114112K
  class space    used 6K, committed 128K, reserved 1048576K
}
Event: 208166.085 GC heap before
{Heap before GC invocations=246699 (full 0):
 garbage-first heap   total 602112K, used 29201K [0x0000000082200000, 0x0000000100000000)
  region size 1024K, 29 young (29696K), 1 survivors (1024K)
 Metaspace       used 144K, committed 384K, reserved 1114112K
  class space    used 6K, committed 128K, reserved 1048576K
}
Event: 208166.600 GC heap after
{Heap after GC invocations=246700 (full 0):
 garbage-first heap   total 602112K, used 523K [0x0000000082200000, 0x0000000100000000)
  region size 1024K, 1 young (1024K), 1 survivors (1024K)
 Metaspace       used 144K, committed 384K, reserved 1114112K
  class space    used 6K, committed 128K, reserved 1048576K
}
Event: 208166.669 GC heap before
{Heap before GC invocations=246700 (full 0):
 garbage-first heap   total 602112K, used 29195K [0x0000000082200000, 0x0000000100000000)
  region size 1024K, 29 young (29696K), 1 survivors (1024K)
 Metaspace       used 144K, committed 384K, reserved 1114112K
  class space    used 6K, committed 128K, reserved 1048576K
}
Event: 208167.315 GC heap after
{Heap after GC invocations=246701 (full 0):
 garbage-first heap   total 602112K, used 527K [0x0000000082200000, 0x0000000100000000)
  region size 1024K, 1 young (1024K), 1 survivors (1024K)
 Metaspace       used 144K, committed 384K, reserved 1114112K
  class space    used 6K, committed 128K, reserved 1048576K
}
Event: 208167.807 GC heap before
{Heap before GC invocations=246701 (full 0):
 garbage-first heap   total 602112K, used 29199K [0x0000000082200000, 0x0000000100000000)
  region size 1024K, 29 young (29696K), 1 survivors (1024K)
 Metaspace       used 144K, committed 384K, reserved 1114112K
  class space    used 6K, committed 128K, reserved 1048576K
}

